[2024-01-16 15:22:32,538: INFO: common: yaml file: config/config.yaml loaded successfully]
[2024-01-16 15:22:32,548: INFO: common: yaml file: params.yaml loaded successfully]
[2024-01-16 15:22:32,549: INFO: common: created directory at: artifacts]
[2024-01-16 15:22:32,551: INFO: common: created directory at: artifacts/data_ingestion]
[2024-01-16 15:23:53,826: INFO: common: yaml file: config/config.yaml loaded successfully]
[2024-01-16 15:23:53,830: INFO: common: yaml file: params.yaml loaded successfully]
[2024-01-16 15:23:53,833: INFO: common: created directory at: artifacts]
[2024-01-16 15:23:53,834: INFO: common: created directory at: artifacts/data_ingestion]
[2024-01-16 15:24:07,384: INFO: common: yaml file: config/config.yaml loaded successfully]
[2024-01-16 15:24:07,388: INFO: common: yaml file: params.yaml loaded successfully]
[2024-01-16 15:24:07,390: INFO: common: created directory at: artifacts]
[2024-01-16 15:24:07,392: INFO: common: created directory at: artifacts/data_ingestion]
[2024-01-16 15:24:10,367: INFO: 1434958058: artifacts/data_ingestion/data.zip download! with following info: 
X-GUploader-UploadID: ABPtcPonwL-j-ibUR1UEnk6RAxLWHgpiivML90n2eS3ELf6Ry94nOe6nCn_s5_UHFfgqfdiVY7c
Content-Type: application/octet-stream
Content-Security-Policy: sandbox
Content-Security-Policy: default-src 'none'
Content-Security-Policy: frame-ancestors 'none'
X-Content-Security-Policy: sandbox
Cross-Origin-Opener-Policy: same-origin
Cross-Origin-Embedder-Policy: require-corp
Cross-Origin-Resource-Policy: same-site
X-Content-Type-Options: nosniff
Content-Disposition: attachment; filename="summarizer-data.zip"
Access-Control-Allow-Origin: *
Access-Control-Allow-Credentials: false
Access-Control-Allow-Headers: Accept, Accept-Language, Authorization, Cache-Control, Content-Disposition, Content-Encoding, Content-Language, Content-Length, Content-MD5, Content-Range, Content-Type, Date, developer-token, financial-institution-id, X-Goog-Sn-Metadata, X-Goog-Sn-PatientId, GData-Version, google-cloud-resource-prefix, linked-customer-id, login-customer-id, x-goog-request-params, Host, If-Match, If-Modified-Since, If-None-Match, If-Unmodified-Since, Origin, OriginToken, Pragma, Range, request-id, Slug, Transfer-Encoding, hotrod-board-name, hotrod-chrome-cpu-model, hotrod-chrome-processors, Want-Digest, X-Ad-Manager-Impersonation, x-chrome-connected, X-ClientDetails, X-Client-Version, x-debug-settings-metadata, X-Firebase-Locale, X-Goog-Firebase-Installations-Auth, X-Firebase-Client, X-Firebase-Client-Log-Type, X-Firebase-GMPID, X-Firebase-Auth-Token, X-Firebase-AppCheck, X-Firebase-Token, X-Goog-Drive-Client-Version, X-Goog-Drive-Resource-Keys, X-GData-Client, X-GData-Key, X-GoogApps-Allowed-Domains, X-Goog-AdX-Buyer-Impersonation, X-Goog-Api-Client, X-Goog-Visibilities, X-Goog-AuthUser, X-Google-EOM, x-goog-ext-124712974-jspb, x-goog-ext-467253834-jspb, x-goog-ext-353267353-bin, x-goog-ext-353267353-jspb, x-goog-ext-251363160-jspb, x-goog-ext-259736195-jspb, x-goog-ext-477772811-jspb, x-goog-ext-359275022-bin, x-goog-ext-328800237-jspb, x-goog-ext-202735639-bin, x-goog-ext-223435598-bin, X-Goog-PageId, X-Goog-Encode-Response-If-Executable, X-Goog-Correlation-Id, X-Goog-Request-Info, X-Goog-Request-Reason, X-Goog-Request-Time, X-Goog-Experiments, x-goog-iam-authority-selector, x-goog-iam-authorization-token, X-Goog-Spatula, X-Goog-Travel-Bgr, X-Goog-Travel-Settings, X-Goog-Upload-Command, X-Goog-Upload-Content-Disposition, X-Goog-Upload-Content-Length, X-Goog-Upload-Content-Type, X-Goog-Upload-File-Name, X-Goog-Upload-Header-Content-Encoding, X-Goog-Upload-Header-Content-Length, X-Goog-Upload-Header-Content-Type, X-Goog-Upload-Header-Transfer-Encoding, X-Goog-Upload-Offset, X-Goog-Upload-Protocol, x-goog-user-project, X-Goog-Visitor-Id, X-Goog-FieldMask, X-Google-Project-Override, x-goog-maps-api-salt, x-goog-maps-api-signature, x-goog-maps-client-id, X-Goog-Api-Key, x-goog-spanner-database-role, X-HTTP-Method-Override, X-JavaScript-User-Agent, X-Pan-Versionid, X-Proxied-User-IP, X-Origin, X-Referer, X-Requested-With, X-Stadia-Client-Context, X-Upload-Content-Length, X-Upload-Content-Type, X-Use-Alt-Service, X-Use-HTTP-Status-Code-Override, X-Ios-Bundle-Identifier, X-Android-Package, X-Android-Cert, X-Ariane-Xsrf-Token, X-YouTube-Bootstrap-Logged-In, X-YouTube-VVT, X-YouTube-Page-CL, X-YouTube-Page-Timestamp, X-Compass-Routing-Destination, x-framework-xsrf-token, X-Goog-Meeting-ABR, X-Goog-Meeting-Botguardid, X-Goog-Meeting-ClientInfo, X-Goog-Meeting-ClientVersion, X-Goog-Meeting-Debugid, X-Goog-Meeting-Identifier, X-Goog-Meeting-Interop-Cohorts, X-Goog-Meeting-Interop-Type, X-Goog-Meeting-OidcIdToken, X-Goog-Meeting-RtcClient, X-Goog-Meeting-StartSource, X-Goog-Meeting-Token, X-Goog-Meeting-Viewer-Token, X-Client-Data, x-sdm-id-token, X-Sfdc-Authorization, MIME-Version, Content-Transfer-Encoding, X-Earth-Engine-App-ID-Token, X-Earth-Engine-Computation-Profile, X-Earth-Engine-Computation-Profiling, X-Play-Console-Experiments-Override, X-Play-Console-Session-Id, x-alkali-account-key, x-alkali-application-key, x-alkali-auth-apps-namespace, x-alkali-auth-entities-namespace, x-alkali-auth-entity, x-alkali-client-locale, EES-S7E-MODE, cast-device-capabilities, X-Server-Timeout, x-foyer-client-environment, x-goog-greenenergyuserappservice-metadata, x-goog-sherlog-context, X-Server-Token, x-rfui-request-context
Access-Control-Allow-Methods: GET,HEAD,OPTIONS
Accept-Ranges: bytes
Content-Length: 7903594
Last-Modified: Tue, 16 Jan 2024 04:04:52 GMT
Date: Tue, 16 Jan 2024 04:24:09 GMT
Expires: Tue, 16 Jan 2024 04:24:09 GMT
Cache-Control: private, max-age=0
X-Goog-Hash: crc32c=HvAgwQ==
Server: UploadServer
Alt-Svc: h3=":443"; ma=2592000,h3-29=":443"; ma=2592000
Connection: close

]
[2024-01-16 15:24:46,042: INFO: common: yaml file: config/config.yaml loaded successfully]
[2024-01-16 15:24:46,047: INFO: common: yaml file: params.yaml loaded successfully]
[2024-01-16 15:24:46,048: INFO: common: created directory at: artifacts]
[2024-01-16 15:24:46,050: INFO: common: created directory at: artifacts/data_validation]
[2024-01-16 15:30:34,345: INFO: config: PyTorch version 2.1.2 available.]
[2024-01-16 15:30:40,046: INFO: common: yaml file: config/config.yaml loaded successfully]
[2024-01-16 15:30:40,053: INFO: common: yaml file: params.yaml loaded successfully]
[2024-01-16 15:30:40,055: INFO: common: created directory at: artifacts]
[2024-01-16 15:30:40,055: INFO: common: created directory at: artifacts/data_transformation]
[2024-01-16 15:31:44,177: INFO: config: PyTorch version 2.1.2 available.]
[2024-01-16 15:31:44,343: INFO: common: yaml file: config/config.yaml loaded successfully]
[2024-01-16 15:31:44,349: INFO: common: yaml file: params.yaml loaded successfully]
[2024-01-16 15:31:44,350: INFO: common: created directory at: artifacts]
[2024-01-16 15:31:44,351: INFO: common: created directory at: artifacts/model_trainer]
[2024-01-16 15:38:41,225: INFO: config: PyTorch version 2.1.2 available.]
[2024-01-16 15:38:41,405: INFO: common: yaml file: config/config.yaml loaded successfully]
[2024-01-16 15:38:41,410: INFO: common: yaml file: params.yaml loaded successfully]
[2024-01-16 15:38:41,411: INFO: common: created directory at: artifacts]
[2024-01-16 15:38:41,411: INFO: common: created directory at: artifacts/model_trainer]
[2024-01-16 15:43:38,485: INFO: config: PyTorch version 2.1.2 available.]
[2024-01-16 15:44:45,589: INFO: common: yaml file: config/config.yaml loaded successfully]
[2024-01-16 15:44:45,596: INFO: common: yaml file: params.yaml loaded successfully]
[2024-01-16 15:44:45,598: INFO: common: created directory at: artifacts]
[2024-01-16 15:44:45,599: INFO: common: created directory at: artifacts/model_trainer]
